[0.010s] Invoking command in '/home/yn4k4nishi/ros2_ws/src/ros2_prac/build/ros2_prac': /usr/bin/cmake /home/yn4k4nishi/ros2_ws/src/ros2_prac -DCMAKE_INSTALL_PREFIX=/home/yn4k4nishi/ros2_ws/src/ros2_prac/install/ros2_prac
[0.053s] -- The C compiler identification is GNU 9.3.0
[0.107s] -- The CXX compiler identification is GNU 9.3.0
[0.111s] -- Check for working C compiler: /usr/bin/cc
[0.200s] -- Check for working C compiler: /usr/bin/cc -- works
[0.202s] -- Detecting C compiler ABI info
[0.292s] -- Detecting C compiler ABI info - done
[0.311s] -- Detecting C compile features
[0.312s] -- Detecting C compile features - done
[0.315s] -- Check for working CXX compiler: /usr/bin/c++
[0.420s] -- Check for working CXX compiler: /usr/bin/c++ -- works
[0.422s] -- Detecting CXX compiler ABI info
[0.531s] -- Detecting CXX compiler ABI info - done
[0.550s] -- Detecting CXX compile features
[0.550s] -- Detecting CXX compile features - done
[0.566s] CMake Error at CMakeLists.txt:19 (find_package):
[0.566s]   By not providing "Findament_cmake.cmake" in CMAKE_MODULE_PATH this project
[0.566s]   has asked CMake to find a package configuration file provided by
[0.566s]   "ament_cmake", but CMake did not find one.
[0.566s] 
[0.566s]   Could not find a package configuration file provided by "ament_cmake" with
[0.566s]   any of the following names:
[0.566s] 
[0.567s]     ament_cmakeConfig.cmake
[0.567s]     ament_cmake-config.cmake
[0.567s] 
[0.567s]   Add the installation prefix of "ament_cmake" to CMAKE_PREFIX_PATH or set
[0.567s]   "ament_cmake_DIR" to a directory containing one of the above files.  If
[0.567s]   "ament_cmake" provides a separate development package or SDK, be sure it
[0.567s]   has been installed.
[0.567s] 
[0.567s] 
[0.568s] -- Configuring incomplete, errors occurred!
[0.568s] See also "/home/yn4k4nishi/ros2_ws/src/ros2_prac/build/ros2_prac/CMakeFiles/CMakeOutput.log".
[0.570s] Invoked command in '/home/yn4k4nishi/ros2_ws/src/ros2_prac/build/ros2_prac' returned '1': /usr/bin/cmake /home/yn4k4nishi/ros2_ws/src/ros2_prac -DCMAKE_INSTALL_PREFIX=/home/yn4k4nishi/ros2_ws/src/ros2_prac/install/ros2_prac
