[0.120s] DEBUG:colcon:Command line arguments: ['/usr/bin/colcon', 'build']
[0.120s] DEBUG:colcon:Parsed command line arguments: Namespace(ament_cmake_args=None, base_paths=['.'], build_base='build', catkin_cmake_args=None, catkin_skip_building_tests=False, cmake_args=None, cmake_clean_cache=False, cmake_clean_first=False, cmake_force_configure=False, cmake_target=None, cmake_target_skip_unavailable=False, continue_on_error=False, event_handlers=None, executor='parallel', ignore_user_meta=False, install_base='install', log_base=None, log_level=None, main=<bound method BuildVerb.main of <colcon_core.verb.build.BuildVerb object at 0x7fed9b8cf310>>, merge_install=False, metas=['./colcon.meta'], packages_above=None, packages_above_and_dependencies=None, packages_above_depth=None, packages_end=None, packages_ignore=None, packages_ignore_regex=None, packages_select=None, packages_select_build_failed=False, packages_select_by_dep=None, packages_select_regex=None, packages_select_test_failures=False, packages_skip=None, packages_skip_build_finished=False, packages_skip_by_dep=None, packages_skip_regex=None, packages_skip_test_passed=False, packages_skip_up_to=None, packages_start=None, packages_up_to=None, packages_up_to_regex=None, parallel_workers=8, paths=None, symlink_install=False, test_result_base=None, verb_extension=<colcon_core.verb.build.BuildVerb object at 0x7fed9b8cf310>, verb_name='build', verb_parser=<colcon_defaults.argument_parser.defaults.DefaultArgumentsDecorator object at 0x7fed9b8cf850>)
[0.125s] Level 1:colcon.colcon_core.package_discovery:discover_packages(colcon_meta) check parameters
[0.125s] Level 1:colcon.colcon_core.package_discovery:discover_packages(recursive) check parameters
[0.125s] Level 1:colcon.colcon_core.package_discovery:discover_packages(ignore) check parameters
[0.125s] Level 1:colcon.colcon_core.package_discovery:discover_packages(path) check parameters
[0.125s] Level 1:colcon.colcon_core.package_discovery:discover_packages(colcon_meta) discover
[0.125s] Level 1:colcon.colcon_core.package_discovery:discover_packages(recursive) discover
[0.125s] INFO:colcon.colcon_core.package_discovery:Crawling recursively for packages in '/home/yn4k4nishi/ros2_ws/src/ros2_prac'
[0.125s] Level 1:colcon.colcon_core.package_identification:_identify(.) by extensions ['ignore', 'ignore_ament_install']
[0.125s] Level 1:colcon.colcon_core.package_identification:_identify(.) by extension 'ignore'
[0.125s] Level 1:colcon.colcon_core.package_identification:_identify(.) by extension 'ignore_ament_install'
[0.125s] Level 1:colcon.colcon_core.package_identification:_identify(.) by extensions ['colcon_pkg']
[0.125s] Level 1:colcon.colcon_core.package_identification:_identify(.) by extension 'colcon_pkg'
[0.126s] Level 1:colcon.colcon_core.package_identification:_identify(.) by extensions ['colcon_meta']
[0.126s] Level 1:colcon.colcon_core.package_identification:_identify(.) by extension 'colcon_meta'
[0.126s] Level 1:colcon.colcon_core.package_identification:_identify(.) by extensions ['ros']
[0.126s] Level 1:colcon.colcon_core.package_identification:_identify(.) by extension 'ros'
[0.137s] DEBUG:colcon.colcon_core.package_identification:Package '.' with type 'ros.ament_cmake' and name 'ros2_prac'
[0.137s] Level 1:colcon.colcon_core.package_discovery:discover_packages(recursive) using defaults
[0.137s] Level 1:colcon.colcon_core.package_discovery:discover_packages(ignore) discover
[0.137s] Level 1:colcon.colcon_core.package_discovery:discover_packages(ignore) using defaults
[0.137s] Level 1:colcon.colcon_core.package_discovery:discover_packages(path) discover
[0.137s] Level 1:colcon.colcon_core.package_discovery:discover_packages(path) using defaults
[0.154s] Level 5:colcon.colcon_core.verb:set package 'ros2_prac' build argument 'cmake_args' from command line to 'None'
[0.154s] Level 5:colcon.colcon_core.verb:set package 'ros2_prac' build argument 'cmake_target' from command line to 'None'
[0.154s] Level 5:colcon.colcon_core.verb:set package 'ros2_prac' build argument 'cmake_target_skip_unavailable' from command line to 'False'
[0.154s] Level 5:colcon.colcon_core.verb:set package 'ros2_prac' build argument 'cmake_clean_cache' from command line to 'False'
[0.154s] Level 5:colcon.colcon_core.verb:set package 'ros2_prac' build argument 'cmake_clean_first' from command line to 'False'
[0.154s] Level 5:colcon.colcon_core.verb:set package 'ros2_prac' build argument 'cmake_force_configure' from command line to 'False'
[0.154s] Level 5:colcon.colcon_core.verb:set package 'ros2_prac' build argument 'ament_cmake_args' from command line to 'None'
[0.154s] Level 5:colcon.colcon_core.verb:set package 'ros2_prac' build argument 'catkin_cmake_args' from command line to 'None'
[0.154s] Level 5:colcon.colcon_core.verb:set package 'ros2_prac' build argument 'catkin_skip_building_tests' from command line to 'False'
[0.154s] DEBUG:colcon.colcon_core.verb:Building package 'ros2_prac' with the following arguments: {'ament_cmake_args': None, 'build_base': '/home/yn4k4nishi/ros2_ws/src/ros2_prac/build/ros2_prac', 'catkin_cmake_args': None, 'catkin_skip_building_tests': False, 'cmake_args': None, 'cmake_clean_cache': False, 'cmake_clean_first': False, 'cmake_force_configure': False, 'cmake_target': None, 'cmake_target_skip_unavailable': False, 'install_base': '/home/yn4k4nishi/ros2_ws/src/ros2_prac/install/ros2_prac', 'merge_install': False, 'path': '/home/yn4k4nishi/ros2_ws/src/ros2_prac', 'symlink_install': False, 'test_result_base': None}
[0.154s] INFO:colcon.colcon_core.executor:Executing jobs using 'parallel' executor
[0.156s] DEBUG:colcon.colcon_parallel_executor.executor.parallel:run_until_complete
[0.156s] INFO:colcon.colcon_ros.task.ament_cmake.build:Building ROS package in '/home/yn4k4nishi/ros2_ws/src/ros2_prac' with build type 'ament_cmake'
[0.156s] INFO:colcon.colcon_cmake.task.cmake.build:Building CMake package in '/home/yn4k4nishi/ros2_ws/src/ros2_prac'
[0.159s] INFO:colcon.colcon_core.plugin_system:Skipping extension 'colcon_core.shell.bat': Not used on non-Windows systems
[0.159s] INFO:colcon.colcon_core.shell:Skip shell extension 'powershell' for command environment: Not usable outside of PowerShell
[0.159s] DEBUG:colcon.colcon_core.shell:Skip shell extension 'dsv' for command environment
[0.167s] DEBUG:colcon.colcon_core.event_handler.log_command:Invoking command in '/home/yn4k4nishi/ros2_ws/src/ros2_prac/build/ros2_prac': /usr/bin/cmake /home/yn4k4nishi/ros2_ws/src/ros2_prac -DCMAKE_INSTALL_PREFIX=/home/yn4k4nishi/ros2_ws/src/ros2_prac/install/ros2_prac
[0.727s] DEBUG:colcon.colcon_core.event_handler.log_command:Invoked command in '/home/yn4k4nishi/ros2_ws/src/ros2_prac/build/ros2_prac' returned '1': /usr/bin/cmake /home/yn4k4nishi/ros2_ws/src/ros2_prac -DCMAKE_INSTALL_PREFIX=/home/yn4k4nishi/ros2_ws/src/ros2_prac/install/ros2_prac
[0.744s] Level 1:colcon.colcon_core.environment:create_environment_scripts_only(ros2_prac)
[0.749s] Level 1:colcon.colcon_core.environment:checking '/home/yn4k4nishi/ros2_ws/src/ros2_prac/install/ros2_prac' for CMake module files
[0.750s] Level 1:colcon.colcon_core.environment:checking '/home/yn4k4nishi/ros2_ws/src/ros2_prac/install/ros2_prac' for CMake config files
[0.750s] Level 1:colcon.colcon_core.environment:checking '/home/yn4k4nishi/ros2_ws/src/ros2_prac/install/ros2_prac/bin'
[0.750s] Level 1:colcon.colcon_core.environment:checking '/home/yn4k4nishi/ros2_ws/src/ros2_prac/install/ros2_prac/lib/pkgconfig/ros2_prac.pc'
[0.751s] Level 1:colcon.colcon_core.environment:checking '/home/yn4k4nishi/ros2_ws/src/ros2_prac/install/ros2_prac/lib/python3.8/site-packages'
[0.751s] INFO:colcon.colcon_core.shell:Creating package script '/home/yn4k4nishi/ros2_ws/src/ros2_prac/install/ros2_prac/share/ros2_prac/package.ps1'
[0.753s] INFO:colcon.colcon_core.shell:Creating package descriptor '/home/yn4k4nishi/ros2_ws/src/ros2_prac/install/ros2_prac/share/ros2_prac/package.dsv'
[0.753s] INFO:colcon.colcon_core.shell:Creating package script '/home/yn4k4nishi/ros2_ws/src/ros2_prac/install/ros2_prac/share/ros2_prac/package.sh'
[0.755s] INFO:colcon.colcon_core.shell:Creating package script '/home/yn4k4nishi/ros2_ws/src/ros2_prac/install/ros2_prac/share/ros2_prac/package.bash'
[0.756s] INFO:colcon.colcon_core.shell:Creating package script '/home/yn4k4nishi/ros2_ws/src/ros2_prac/install/ros2_prac/share/ros2_prac/package.zsh'
[0.757s] Level 1:colcon.colcon_core.environment:create_file_with_runtime_dependencies(/home/yn4k4nishi/ros2_ws/src/ros2_prac/install/ros2_prac/share/colcon-core/packages/ros2_prac)
[0.768s] DEBUG:colcon.colcon_parallel_executor.executor.parallel:closing loop
[0.768s] DEBUG:colcon.colcon_parallel_executor.executor.parallel:loop closed
[0.768s] DEBUG:colcon.colcon_parallel_executor.executor.parallel:run_until_complete finished with '1'
[0.768s] DEBUG:colcon.colcon_core.event_reactor:joining thread
[0.776s] INFO:colcon.colcon_core.plugin_system:Skipping extension 'colcon_notification.desktop_notification.terminal_notifier': Not used on non-Darwin systems
[0.777s] INFO:colcon.colcon_core.plugin_system:Skipping extension 'colcon_notification.desktop_notification.win32': Not used on non-Windows systems
[0.777s] INFO:colcon.colcon_notification.desktop_notification:Sending desktop notification using 'notify2'
[0.804s] DEBUG:colcon.colcon_core.event_reactor:joined thread
[0.805s] INFO:colcon.colcon_core.shell:Creating prefix script '/home/yn4k4nishi/ros2_ws/src/ros2_prac/install/local_setup.ps1'
[0.807s] INFO:colcon.colcon_core.shell:Creating prefix util module '/home/yn4k4nishi/ros2_ws/src/ros2_prac/install/_local_setup_util_ps1.py'
[0.809s] INFO:colcon.colcon_core.shell:Creating prefix chain script '/home/yn4k4nishi/ros2_ws/src/ros2_prac/install/setup.ps1'
[0.812s] INFO:colcon.colcon_core.shell:Creating prefix script '/home/yn4k4nishi/ros2_ws/src/ros2_prac/install/local_setup.sh'
[0.813s] INFO:colcon.colcon_core.shell:Creating prefix util module '/home/yn4k4nishi/ros2_ws/src/ros2_prac/install/_local_setup_util_sh.py'
[0.813s] INFO:colcon.colcon_core.shell:Creating prefix chain script '/home/yn4k4nishi/ros2_ws/src/ros2_prac/install/setup.sh'
[0.816s] INFO:colcon.colcon_core.shell:Creating prefix script '/home/yn4k4nishi/ros2_ws/src/ros2_prac/install/local_setup.bash'
[0.817s] INFO:colcon.colcon_core.shell:Creating prefix chain script '/home/yn4k4nishi/ros2_ws/src/ros2_prac/install/setup.bash'
[0.820s] INFO:colcon.colcon_core.shell:Creating prefix script '/home/yn4k4nishi/ros2_ws/src/ros2_prac/install/local_setup.zsh'
[0.820s] INFO:colcon.colcon_core.shell:Creating prefix chain script '/home/yn4k4nishi/ros2_ws/src/ros2_prac/install/setup.zsh'
